[debug] [2023-07-02T19:45:07.051Z] ----------------------------------------------------------------------
[debug] [2023-07-02T19:45:07.055Z] Command:       C:\Program Files\nodejs\node.exe C:\Users\SOUMYA\AppData\Roaming\npm\node_modules\firebase-tools\lib\bin\firebase.js deploy
[debug] [2023-07-02T19:45:07.057Z] CLI Version:   11.24.0
[debug] [2023-07-02T19:45:07.057Z] Platform:      win32
[debug] [2023-07-02T19:45:07.057Z] Node Version:  v18.14.0
[debug] [2023-07-02T19:45:07.295Z] Time:          Mon Jul 03 2023 01:15:07 GMT+0530 (India Standard Time)
[debug] [2023-07-02T19:45:07.296Z] ----------------------------------------------------------------------
[debug] 
[debug] [2023-07-02T19:45:07.509Z] > command requires scopes: ["email","openid","https://www.googleapis.com/auth/cloudplatformprojects.readonly","https://www.googleapis.com/auth/firebase","https://www.googleapis.com/auth/cloud-platform"]
[debug] [2023-07-02T19:45:07.511Z] > authorizing via signed-in user (soumyachakraborty00@gmail.com)
[debug] [2023-07-02T19:45:07.512Z] [iam] checking project clone-888df for permissions ["firebase.projects.get","firebasehosting.sites.update"]
[debug] [2023-07-02T19:45:07.515Z] > refreshing access token with scopes: []
[debug] [2023-07-02T19:45:07.519Z] >>> [apiv2][query] POST https://www.googleapis.com/oauth2/v3/token [none]
[debug] [2023-07-02T19:45:07.519Z] >>> [apiv2][body] POST https://www.googleapis.com/oauth2/v3/token [omitted]
[debug] [2023-07-02T19:45:08.556Z] <<< [apiv2][status] POST https://www.googleapis.com/oauth2/v3/token 200
[debug] [2023-07-02T19:45:08.556Z] <<< [apiv2][body] POST https://www.googleapis.com/oauth2/v3/token [omitted]
[debug] [2023-07-02T19:45:08.928Z] >>> [apiv2][query] POST https://cloudresourcemanager.googleapis.com/v1/projects/clone-888df:testIamPermissions [none]
[debug] [2023-07-02T19:45:08.928Z] >>> [apiv2][(partial)header] POST https://cloudresourcemanager.googleapis.com/v1/projects/clone-888df:testIamPermissions x-goog-quota-user=projects/clone-888df
[debug] [2023-07-02T19:45:08.928Z] >>> [apiv2][body] POST https://cloudresourcemanager.googleapis.com/v1/projects/clone-888df:testIamPermissions {"permissions":["firebase.projects.get","firebasehosting.sites.update"]}
[debug] [2023-07-02T19:45:11.159Z] <<< [apiv2][status] POST https://cloudresourcemanager.googleapis.com/v1/projects/clone-888df:testIamPermissions 200
[debug] [2023-07-02T19:45:11.159Z] <<< [apiv2][body] POST https://cloudresourcemanager.googleapis.com/v1/projects/clone-888df:testIamPermissions {"permissions":["firebase.projects.get","firebasehosting.sites.update"]}
[debug] [2023-07-02T19:45:11.161Z] >>> [apiv2][query] GET https://firebase.googleapis.com/v1beta1/projects/clone-888df [none]
[debug] [2023-07-02T19:45:41.189Z] Timeout reached making request to https://firebase.googleapis.com/v1beta1/projects/clone-888df
[debug] [2023-07-02T19:45:41.196Z] FirebaseError: Timeout reached making request to https://firebase.googleapis.com/v1beta1/projects/clone-888df
    at RetryOperation._fn (C:\Users\SOUMYA\AppData\Roaming\npm\node_modules\firebase-tools\lib\apiv2.js:238:35)
    at process.processTicksAndRejections (node:internal/process/task_queues:95:5)
[error] 
[error] Error: Failed to get Firebase project clone-888df. Please make sure the project exists and your account has permission to access it.
